  GameOverState.cpp
d:\sfml_flappybird\flappybird\flappybird\game.h(4): warning C4067: unexpected tokens following preprocessor directive - expected a newline
  GameState.cpp
d:\sfml_flappybird\flappybird\flappybird\game.h(4): warning C4067: unexpected tokens following preprocessor directive - expected a newline
  MainMenuState.cpp
d:\sfml_flappybird\flappybird\flappybird\game.h(4): warning C4067: unexpected tokens following preprocessor directive - expected a newline
  Pipe.cpp
d:\sfml_flappybird\flappybird\flappybird\game.h(4): warning C4067: unexpected tokens following preprocessor directive - expected a newline
d:\sfml_flappybird\flappybird\flappybird\pipe.cpp(13): warning C4244: 'argument': conversion from 'T' to 'float', possible loss of data
          with
          [
              T=unsigned int
          ]
d:\sfml_flappybird\flappybird\flappybird\pipe.cpp(22): warning C4244: 'argument': conversion from 'T' to 'float', possible loss of data
          with
          [
              T=unsigned int
          ]
d:\sfml_flappybird\flappybird\flappybird\pipe.cpp(31): warning C4244: 'argument': conversion from 'T' to 'float', possible loss of data
          with
          [
              T=unsigned int
          ]
  Source.cpp
d:\sfml_flappybird\flappybird\flappybird\game.h(4): warning C4067: unexpected tokens following preprocessor directive - expected a newline
  SplashState.cpp
d:\sfml_flappybird\flappybird\flappybird\game.h(4): warning C4067: unexpected tokens following preprocessor directive - expected a newline
  Generating Code...
  FlappyBird.vcxproj -> D:\SFML_FlappyBird\FlappyBird\Debug\FlappyBird.exe
